<?xml version="1.0" encoding="UTF-8"?>
<!-- Generated by org.testng.reporters.JUnitReportReporter -->
<testsuite skipped="0" hostname="DESKTOP-I4LRG9O" name="com.pharmaspectra.qa.testcase.TC_LoginTest_001" tests="1" failures="0" timestamp="12 Jan 2021 07:52:27 GMT" time="242.978" errors="0">
  <testcase name="loginTest" time="242.978" classname="com.pharmaspectra.qa.testcase.TC_LoginTest_001"/>
</testsuite> <!-- com.pharmaspectra.qa.testcase.TC_LoginTest_001 -->
